{
  "stats": {
    "suites": 1,
    "tests": 5,
    "passes": 5,
    "pending": 0,
    "failures": 0,
    "start": "2023-12-11T22:22:13.610Z",
    "end": "2023-12-11T22:22:27.353Z",
    "duration": 13743,
    "testsRegistered": 5,
    "passPercent": 100,
    "pendingPercent": 0,
    "other": 0,
    "hasOther": false,
    "skipped": 0,
    "hasSkipped": false
  },
  "results": [
    {
      "uuid": "1220058a-d442-4fe0-a684-3d7b1d6c89e4",
      "title": "",
      "fullFile": "cypress\\e2e\\searchListTest.cy.js",
      "file": "cypress\\e2e\\searchListTest.cy.js",
      "beforeHooks": [],
      "afterHooks": [],
      "tests": [],
      "suites": [
        {
          "uuid": "94523d04-8777-4473-b255-73fb423f974c",
          "title": "Product Search",
          "fullFile": "",
          "file": "",
          "beforeHooks": [],
          "afterHooks": [],
          "tests": [
            {
              "title": "Product Ingrid Running Jacketshould be return correctly",
              "fullTitle": "Product Search Product Ingrid Running Jacketshould be return correctly",
              "timedOut": null,
              "duration": 3167,
              "state": "passed",
              "speed": "fast",
              "pass": true,
              "fail": false,
              "pending": false,
              "context": null,
              "code": "_pages.homePage.searchMagnifier();\n_pages.productSearchPage.search(item.label);\n_pages.productSearchPage.productList.first().should(\"have.attr\", \"title\", item.label);\n_pages.productSearchPage.productList.each(el => {\n  expect(el.attr(\"title\")).eq(item.label);\n});",
              "err": {},
              "uuid": "b03a64cc-6f51-4188-ad6a-5d569348b1eb",
              "parentUUID": "94523d04-8777-4473-b255-73fb423f974c",
              "isHook": false,
              "skipped": false
            },
            {
              "title": "Product Augusta Pullover Jacketshould be return correctly",
              "fullTitle": "Product Search Product Augusta Pullover Jacketshould be return correctly",
              "timedOut": null,
              "duration": 2067,
              "state": "passed",
              "speed": "fast",
              "pass": true,
              "fail": false,
              "pending": false,
              "context": null,
              "code": "_pages.homePage.searchMagnifier();\n_pages.productSearchPage.search(item.label);\n_pages.productSearchPage.productList.first().should(\"have.attr\", \"title\", item.label);\n_pages.productSearchPage.productList.each(el => {\n  expect(el.attr(\"title\")).eq(item.label);\n});",
              "err": {},
              "uuid": "234e0cb6-bd22-4326-81b0-e968e55839da",
              "parentUUID": "94523d04-8777-4473-b255-73fb423f974c",
              "isHook": false,
              "skipped": false
            },
            {
              "title": "Product Josie Yoga Jacketshould be return correctly",
              "fullTitle": "Product Search Product Josie Yoga Jacketshould be return correctly",
              "timedOut": null,
              "duration": 1907,
              "state": "passed",
              "speed": "fast",
              "pass": true,
              "fail": false,
              "pending": false,
              "context": null,
              "code": "_pages.homePage.searchMagnifier();\n_pages.productSearchPage.search(item.label);\n_pages.productSearchPage.productList.first().should(\"have.attr\", \"title\", item.label);\n_pages.productSearchPage.productList.each(el => {\n  expect(el.attr(\"title\")).eq(item.label);\n});",
              "err": {},
              "uuid": "404c7810-421e-4493-bd89-85743b02e44c",
              "parentUUID": "94523d04-8777-4473-b255-73fb423f974c",
              "isHook": false,
              "skipped": false
            },
            {
              "title": "Product Stellar Solar Jacketshould be return correctly",
              "fullTitle": "Product Search Product Stellar Solar Jacketshould be return correctly",
              "timedOut": null,
              "duration": 2279,
              "state": "passed",
              "speed": "fast",
              "pass": true,
              "fail": false,
              "pending": false,
              "context": null,
              "code": "_pages.homePage.searchMagnifier();\n_pages.productSearchPage.search(item.label);\n_pages.productSearchPage.productList.first().should(\"have.attr\", \"title\", item.label);\n_pages.productSearchPage.productList.each(el => {\n  expect(el.attr(\"title\")).eq(item.label);\n});",
              "err": {},
              "uuid": "f95fefdc-d89e-4519-a9dd-3befc00efb10",
              "parentUUID": "94523d04-8777-4473-b255-73fb423f974c",
              "isHook": false,
              "skipped": false
            },
            {
              "title": "Product Typhon Performance Fleece-lined Jacketshould be return correctly",
              "fullTitle": "Product Search Product Typhon Performance Fleece-lined Jacketshould be return correctly",
              "timedOut": null,
              "duration": 1988,
              "state": "passed",
              "speed": "fast",
              "pass": true,
              "fail": false,
              "pending": false,
              "context": null,
              "code": "_pages.homePage.searchMagnifier();\n_pages.productSearchPage.search(item.label);\n_pages.productSearchPage.productList.first().should(\"have.attr\", \"title\", item.label);\n_pages.productSearchPage.productList.each(el => {\n  expect(el.attr(\"title\")).eq(item.label);\n});",
              "err": {},
              "uuid": "c71595b6-a2b9-417b-bcdb-94927093c00c",
              "parentUUID": "94523d04-8777-4473-b255-73fb423f974c",
              "isHook": false,
              "skipped": false
            }
          ],
          "suites": [],
          "passes": [
            "b03a64cc-6f51-4188-ad6a-5d569348b1eb",
            "234e0cb6-bd22-4326-81b0-e968e55839da",
            "404c7810-421e-4493-bd89-85743b02e44c",
            "f95fefdc-d89e-4519-a9dd-3befc00efb10",
            "c71595b6-a2b9-417b-bcdb-94927093c00c"
          ],
          "failures": [],
          "pending": [],
          "skipped": [],
          "duration": 11408,
          "root": false,
          "rootEmpty": false,
          "_timeout": 2000
        }
      ],
      "passes": [],
      "failures": [],
      "pending": [],
      "skipped": [],
      "duration": 0,
      "root": true,
      "rootEmpty": true,
      "_timeout": 2000
    }
  ],
  "meta": {
    "mocha": {
      "version": "7.0.1"
    },
    "mochawesome": {
      "options": {
        "quiet": false,
        "reportFilename": "mochawesome",
        "saveHtml": false,
        "saveJson": true,
        "consoleReporter": "spec",
        "useInlineDiffs": false,
        "code": true
      },
      "version": "7.1.3"
    },
    "marge": {
      "options": {
        "reportDir": "cypress/results",
        "overwrite": false,
        "html": false,
        "json": true
      },
      "version": "6.2.0"
    }
  }
}