{
  "stats": {
    "suites": 1,
    "tests": 5,
    "passes": 5,
    "pending": 0,
    "failures": 0,
    "start": "2023-12-11T22:14:29.373Z",
    "end": "2023-12-11T22:14:42.283Z",
    "duration": 12910,
    "testsRegistered": 5,
    "passPercent": 100,
    "pendingPercent": 0,
    "other": 0,
    "hasOther": false,
    "skipped": 0,
    "hasSkipped": false
  },
  "results": [
    {
      "uuid": "635344df-a096-44ae-beda-e3b22872ec46",
      "title": "",
      "fullFile": "cypress\\e2e\\searchListTest.cy.js",
      "file": "cypress\\e2e\\searchListTest.cy.js",
      "beforeHooks": [],
      "afterHooks": [],
      "tests": [],
      "suites": [
        {
          "uuid": "8980c01c-3479-4e39-a166-f23e80c9a48f",
          "title": "Product Search",
          "fullFile": "",
          "file": "",
          "beforeHooks": [],
          "afterHooks": [],
          "tests": [
            {
              "title": "Product Ingrid Running Jacketshould be return correctly",
              "fullTitle": "Product Search Product Ingrid Running Jacketshould be return correctly",
              "timedOut": null,
              "duration": 2793,
              "state": "passed",
              "speed": "fast",
              "pass": true,
              "fail": false,
              "pending": false,
              "context": null,
              "code": "_pages.homePage.searchMagnifier();\n_pages.productSearchPage.search(item.label);\n_pages.productSearchPage.productList.first().should(\"have.attr\", \"title\", item.label);\n_pages.productSearchPage.productList.each(el => {\n  expect(el.attr(\"title\")).eq(item.label);\n});",
              "err": {},
              "uuid": "41a93e44-3fac-48d1-b03d-8845f763ac53",
              "parentUUID": "8980c01c-3479-4e39-a166-f23e80c9a48f",
              "isHook": false,
              "skipped": false
            },
            {
              "title": "Product Augusta Pullover Jacketshould be return correctly",
              "fullTitle": "Product Search Product Augusta Pullover Jacketshould be return correctly",
              "timedOut": null,
              "duration": 1873,
              "state": "passed",
              "speed": "fast",
              "pass": true,
              "fail": false,
              "pending": false,
              "context": null,
              "code": "_pages.homePage.searchMagnifier();\n_pages.productSearchPage.search(item.label);\n_pages.productSearchPage.productList.first().should(\"have.attr\", \"title\", item.label);\n_pages.productSearchPage.productList.each(el => {\n  expect(el.attr(\"title\")).eq(item.label);\n});",
              "err": {},
              "uuid": "43a54fee-2aba-460f-9096-a37b1aa258bb",
              "parentUUID": "8980c01c-3479-4e39-a166-f23e80c9a48f",
              "isHook": false,
              "skipped": false
            },
            {
              "title": "Product Josie Yoga Jacketshould be return correctly",
              "fullTitle": "Product Search Product Josie Yoga Jacketshould be return correctly",
              "timedOut": null,
              "duration": 1624,
              "state": "passed",
              "speed": "fast",
              "pass": true,
              "fail": false,
              "pending": false,
              "context": null,
              "code": "_pages.homePage.searchMagnifier();\n_pages.productSearchPage.search(item.label);\n_pages.productSearchPage.productList.first().should(\"have.attr\", \"title\", item.label);\n_pages.productSearchPage.productList.each(el => {\n  expect(el.attr(\"title\")).eq(item.label);\n});",
              "err": {},
              "uuid": "0520cbfb-80cf-405a-bf56-df6284ec7ea3",
              "parentUUID": "8980c01c-3479-4e39-a166-f23e80c9a48f",
              "isHook": false,
              "skipped": false
            },
            {
              "title": "Product Stellar Solar Jacketshould be return correctly",
              "fullTitle": "Product Search Product Stellar Solar Jacketshould be return correctly",
              "timedOut": null,
              "duration": 1910,
              "state": "passed",
              "speed": "fast",
              "pass": true,
              "fail": false,
              "pending": false,
              "context": null,
              "code": "_pages.homePage.searchMagnifier();\n_pages.productSearchPage.search(item.label);\n_pages.productSearchPage.productList.first().should(\"have.attr\", \"title\", item.label);\n_pages.productSearchPage.productList.each(el => {\n  expect(el.attr(\"title\")).eq(item.label);\n});",
              "err": {},
              "uuid": "8e559a67-54f4-41e7-a391-be4d6f7d2c34",
              "parentUUID": "8980c01c-3479-4e39-a166-f23e80c9a48f",
              "isHook": false,
              "skipped": false
            },
            {
              "title": "Product Typhon Performance Fleece-lined Jacketshould be return correctly",
              "fullTitle": "Product Search Product Typhon Performance Fleece-lined Jacketshould be return correctly",
              "timedOut": null,
              "duration": 2335,
              "state": "passed",
              "speed": "fast",
              "pass": true,
              "fail": false,
              "pending": false,
              "context": null,
              "code": "_pages.homePage.searchMagnifier();\n_pages.productSearchPage.search(item.label);\n_pages.productSearchPage.productList.first().should(\"have.attr\", \"title\", item.label);\n_pages.productSearchPage.productList.each(el => {\n  expect(el.attr(\"title\")).eq(item.label);\n});",
              "err": {},
              "uuid": "8df98447-97fb-4cc1-b6f5-e0469ca9bcb0",
              "parentUUID": "8980c01c-3479-4e39-a166-f23e80c9a48f",
              "isHook": false,
              "skipped": false
            }
          ],
          "suites": [],
          "passes": [
            "41a93e44-3fac-48d1-b03d-8845f763ac53",
            "43a54fee-2aba-460f-9096-a37b1aa258bb",
            "0520cbfb-80cf-405a-bf56-df6284ec7ea3",
            "8e559a67-54f4-41e7-a391-be4d6f7d2c34",
            "8df98447-97fb-4cc1-b6f5-e0469ca9bcb0"
          ],
          "failures": [],
          "pending": [],
          "skipped": [],
          "duration": 10535,
          "root": false,
          "rootEmpty": false,
          "_timeout": 2000
        }
      ],
      "passes": [],
      "failures": [],
      "pending": [],
      "skipped": [],
      "duration": 0,
      "root": true,
      "rootEmpty": true,
      "_timeout": 2000
    }
  ],
  "meta": {
    "mocha": {
      "version": "7.0.1"
    },
    "mochawesome": {
      "options": {
        "quiet": false,
        "reportFilename": "mochawesome",
        "saveHtml": false,
        "saveJson": true,
        "consoleReporter": "spec",
        "useInlineDiffs": false,
        "code": true
      },
      "version": "7.1.3"
    },
    "marge": {
      "options": {
        "reportDir": "cypress/results",
        "overwrite": false,
        "html": false,
        "json": true
      },
      "version": "6.2.0"
    }
  }
}