{
  "stats": {
    "suites": 1,
    "tests": 2,
    "passes": 2,
    "pending": 0,
    "failures": 0,
    "start": "2023-12-11T22:26:34.638Z",
    "end": "2023-12-11T22:26:40.451Z",
    "duration": 5813,
    "testsRegistered": 2,
    "passPercent": 100,
    "pendingPercent": 0,
    "other": 0,
    "hasOther": false,
    "skipped": 0,
    "hasSkipped": false
  },
  "results": [
    {
      "uuid": "2e08fb9f-5fc3-43b0-bceb-f86e499c2151",
      "title": "",
      "fullFile": "cypress\\e2e\\envTest.cy.js",
      "file": "cypress\\e2e\\envTest.cy.js",
      "beforeHooks": [],
      "afterHooks": [],
      "tests": [],
      "suites": [
        {
          "uuid": "ec268885-7a9a-421c-97ef-0d73f9ba8fe9",
          "title": "Environment Variables",
          "fullFile": "",
          "file": "",
          "beforeHooks": [],
          "afterHooks": [],
          "tests": [
            {
              "title": "cypress.json or cypress.env.json",
              "fullTitle": "Environment Variables cypress.json or cypress.env.json",
              "timedOut": null,
              "duration": 2371,
              "state": "passed",
              "speed": "fast",
              "pass": true,
              "fail": false,
              "pending": false,
              "context": null,
              "code": "cy.url().should(\"include\", Cypress.env(\"HOST\").trim());",
              "err": {},
              "uuid": "5f3ab33e-ec75-41a7-9b23-ed538b33d890",
              "parentUUID": "ec268885-7a9a-421c-97ef-0d73f9ba8fe9",
              "isHook": false,
              "skipped": false
            },
            {
              "title": "Config Test Env",
              "fullTitle": "Environment Variables Config Test Env",
              "timedOut": null,
              "duration": 693,
              "state": "passed",
              "speed": "fast",
              "pass": true,
              "fail": false,
              "pending": false,
              "context": null,
              "code": "cy.log(Cypress.env(\"myEnv\"));",
              "err": {},
              "uuid": "eb2b77f1-6700-47e8-96d5-48b26b136c54",
              "parentUUID": "ec268885-7a9a-421c-97ef-0d73f9ba8fe9",
              "isHook": false,
              "skipped": false
            }
          ],
          "suites": [],
          "passes": [
            "5f3ab33e-ec75-41a7-9b23-ed538b33d890",
            "eb2b77f1-6700-47e8-96d5-48b26b136c54"
          ],
          "failures": [],
          "pending": [],
          "skipped": [],
          "duration": 3064,
          "root": false,
          "rootEmpty": false,
          "_timeout": 2000
        }
      ],
      "passes": [],
      "failures": [],
      "pending": [],
      "skipped": [],
      "duration": 0,
      "root": true,
      "rootEmpty": true,
      "_timeout": 2000
    }
  ],
  "meta": {
    "mocha": {
      "version": "7.0.1"
    },
    "mochawesome": {
      "options": {
        "quiet": false,
        "reportFilename": "mochawesome",
        "saveHtml": false,
        "saveJson": true,
        "consoleReporter": "spec",
        "useInlineDiffs": false,
        "code": true
      },
      "version": "7.1.3"
    },
    "marge": {
      "options": {
        "reportDir": "cypress/results",
        "overwrite": false,
        "html": false,
        "json": true
      },
      "version": "6.2.0"
    }
  }
}