{
  "stats": {
    "suites": 1,
    "tests": 1,
    "passes": 1,
    "pending": 0,
    "failures": 0,
    "start": "2023-12-11T20:52:07.618Z",
    "end": "2023-12-11T20:52:19.840Z",
    "duration": 12222,
    "testsRegistered": 1,
    "passPercent": 100,
    "pendingPercent": 0,
    "other": 0,
    "hasOther": false,
    "skipped": 0,
    "hasSkipped": false
  },
  "results": [
    {
      "uuid": "c57d6b90-95ce-4dc5-b0b0-69fc017c3b8f",
      "title": "",
      "fullFile": "cypress\\e2e\\productListTest.cy.js",
      "file": "cypress\\e2e\\productListTest.cy.js",
      "beforeHooks": [],
      "afterHooks": [],
      "tests": [],
      "suites": [
        {
          "uuid": "4ea3822c-4792-47e4-a359-0eb3f3966319",
          "title": "Product List",
          "fullFile": "",
          "file": "",
          "beforeHooks": [],
          "afterHooks": [],
          "tests": [
            {
              "title": "Validate product detail link",
              "fullTitle": "Product List Validate product detail link",
              "timedOut": null,
              "duration": 10064,
              "state": "passed",
              "speed": "slow",
              "pass": true,
              "fail": false,
              "pending": false,
              "context": null,
              "code": "_pages.productsPage.productList.each(product => {\n  let productDetailsLink = product.attr(\"href\");\n  let productTitle = product.attr(\"title\");\n  cy.visit(productDetailsLink).then(() => {\n    _pages.productDetailsPage.breadcrumbProduct.should(\"include.text\", productTitle);\n    _pages.productDetailsPage.productTitle.invoke(\"text\").then(text => {\n      expect(text).to.be.equal(productTitle);\n    });\n    _pages.productDetailsPage.variations.find(\"[for]\").should(\"have.length\", 2).and(\"be.visible\");\n  });\n});",
              "err": {},
              "uuid": "ad8271b8-dff3-47be-9686-ed9a8a457657",
              "parentUUID": "4ea3822c-4792-47e4-a359-0eb3f3966319",
              "isHook": false,
              "skipped": false
            }
          ],
          "suites": [],
          "passes": [
            "ad8271b8-dff3-47be-9686-ed9a8a457657"
          ],
          "failures": [],
          "pending": [],
          "skipped": [],
          "duration": 10064,
          "root": false,
          "rootEmpty": false,
          "_timeout": 2000
        }
      ],
      "passes": [],
      "failures": [],
      "pending": [],
      "skipped": [],
      "duration": 0,
      "root": true,
      "rootEmpty": true,
      "_timeout": 2000
    }
  ],
  "meta": {
    "mocha": {
      "version": "7.0.1"
    },
    "mochawesome": {
      "options": {
        "quiet": false,
        "reportFilename": "mochawesome",
        "saveHtml": false,
        "saveJson": true,
        "consoleReporter": "spec",
        "useInlineDiffs": false,
        "code": true
      },
      "version": "7.1.3"
    },
    "marge": {
      "options": {
        "reportDir": "cypress/results",
        "overwrite": false,
        "html": false,
        "json": true
      },
      "version": "6.2.0"
    }
  }
}