{
  "stats": {
    "suites": 1,
    "tests": 2,
    "passes": 2,
    "pending": 0,
    "failures": 0,
    "start": "2023-12-11T21:15:21.961Z",
    "end": "2023-12-11T21:15:27.862Z",
    "duration": 5901,
    "testsRegistered": 2,
    "passPercent": 100,
    "pendingPercent": 0,
    "other": 0,
    "hasOther": false,
    "skipped": 0,
    "hasSkipped": false
  },
  "results": [
    {
      "uuid": "b24aa08d-74f7-4d44-9fa7-0636665098e7",
      "title": "",
      "fullFile": "cypress\\e2e\\envTest.cy.js",
      "file": "cypress\\e2e\\envTest.cy.js",
      "beforeHooks": [],
      "afterHooks": [],
      "tests": [],
      "suites": [
        {
          "uuid": "5cff8f76-c4fb-4e31-a89f-96154f658a5f",
          "title": "Environment Variables",
          "fullFile": "",
          "file": "",
          "beforeHooks": [],
          "afterHooks": [],
          "tests": [
            {
              "title": "cypress.json or cypress.env.json",
              "fullTitle": "Environment Variables cypress.json or cypress.env.json",
              "timedOut": null,
              "duration": 2431,
              "state": "passed",
              "speed": "fast",
              "pass": true,
              "fail": false,
              "pending": false,
              "context": null,
              "code": "cy.url().should(\"include\", Cypress.env(\"HOST\").trim());",
              "err": {},
              "uuid": "fb76127e-8d78-400e-aace-34ef4bd39601",
              "parentUUID": "5cff8f76-c4fb-4e31-a89f-96154f658a5f",
              "isHook": false,
              "skipped": false
            },
            {
              "title": "Config Test Env",
              "fullTitle": "Environment Variables Config Test Env",
              "timedOut": null,
              "duration": 794,
              "state": "passed",
              "speed": "fast",
              "pass": true,
              "fail": false,
              "pending": false,
              "context": null,
              "code": "cy.log(Cypress.env(\"myEnv\"));",
              "err": {},
              "uuid": "ced7294d-dc03-45fa-bd89-eb3beb1c8444",
              "parentUUID": "5cff8f76-c4fb-4e31-a89f-96154f658a5f",
              "isHook": false,
              "skipped": false
            }
          ],
          "suites": [],
          "passes": [
            "fb76127e-8d78-400e-aace-34ef4bd39601",
            "ced7294d-dc03-45fa-bd89-eb3beb1c8444"
          ],
          "failures": [],
          "pending": [],
          "skipped": [],
          "duration": 3225,
          "root": false,
          "rootEmpty": false,
          "_timeout": 2000
        }
      ],
      "passes": [],
      "failures": [],
      "pending": [],
      "skipped": [],
      "duration": 0,
      "root": true,
      "rootEmpty": true,
      "_timeout": 2000
    }
  ],
  "meta": {
    "mocha": {
      "version": "7.0.1"
    },
    "mochawesome": {
      "options": {
        "quiet": false,
        "reportFilename": "mochawesome",
        "saveHtml": false,
        "saveJson": true,
        "consoleReporter": "spec",
        "useInlineDiffs": false,
        "code": true
      },
      "version": "7.1.3"
    },
    "marge": {
      "options": {
        "reportDir": "cypress/results",
        "overwrite": false,
        "html": false,
        "json": true
      },
      "version": "6.2.0"
    }
  }
}