{
  "stats": {
    "suites": 1,
    "tests": 2,
    "passes": 2,
    "pending": 0,
    "failures": 0,
    "start": "2023-12-11T22:34:39.138Z",
    "end": "2023-12-11T22:34:45.439Z",
    "duration": 6301,
    "testsRegistered": 2,
    "passPercent": 100,
    "pendingPercent": 0,
    "other": 0,
    "hasOther": false,
    "skipped": 0,
    "hasSkipped": false
  },
  "results": [
    {
      "uuid": "aa2abfe7-c703-465f-a208-2d0d2a0c54b7",
      "title": "",
      "fullFile": "cypress\\e2e\\envTest.cy.js",
      "file": "cypress\\e2e\\envTest.cy.js",
      "beforeHooks": [],
      "afterHooks": [],
      "tests": [],
      "suites": [
        {
          "uuid": "c6cad616-8f56-4f84-86b0-81f24a032aeb",
          "title": "Environment Variables",
          "fullFile": "",
          "file": "",
          "beforeHooks": [],
          "afterHooks": [],
          "tests": [
            {
              "title": "cypress.json or cypress.env.json",
              "fullTitle": "Environment Variables cypress.json or cypress.env.json",
              "timedOut": null,
              "duration": 2676,
              "state": "passed",
              "speed": "fast",
              "pass": true,
              "fail": false,
              "pending": false,
              "context": null,
              "code": "cy.url().should(\"include\", Cypress.env(\"HOST\").trim());",
              "err": {},
              "uuid": "180a10a6-8db9-4480-b7e0-d41eecfeef12",
              "parentUUID": "c6cad616-8f56-4f84-86b0-81f24a032aeb",
              "isHook": false,
              "skipped": false
            },
            {
              "title": "Config Test Env",
              "fullTitle": "Environment Variables Config Test Env",
              "timedOut": null,
              "duration": 894,
              "state": "passed",
              "speed": "fast",
              "pass": true,
              "fail": false,
              "pending": false,
              "context": null,
              "code": "cy.log(Cypress.env(\"myEnv\"));",
              "err": {},
              "uuid": "5dbd9d65-5bc4-480e-addd-810027ea631c",
              "parentUUID": "c6cad616-8f56-4f84-86b0-81f24a032aeb",
              "isHook": false,
              "skipped": false
            }
          ],
          "suites": [],
          "passes": [
            "180a10a6-8db9-4480-b7e0-d41eecfeef12",
            "5dbd9d65-5bc4-480e-addd-810027ea631c"
          ],
          "failures": [],
          "pending": [],
          "skipped": [],
          "duration": 3570,
          "root": false,
          "rootEmpty": false,
          "_timeout": 2000
        }
      ],
      "passes": [],
      "failures": [],
      "pending": [],
      "skipped": [],
      "duration": 0,
      "root": true,
      "rootEmpty": true,
      "_timeout": 2000
    }
  ],
  "meta": {
    "mocha": {
      "version": "7.0.1"
    },
    "mochawesome": {
      "options": {
        "quiet": false,
        "reportFilename": "mochawesome",
        "saveHtml": false,
        "saveJson": true,
        "consoleReporter": "spec",
        "useInlineDiffs": false,
        "code": true
      },
      "version": "7.1.3"
    },
    "marge": {
      "options": {
        "reportDir": "cypress/results",
        "overwrite": false,
        "html": false,
        "json": true
      },
      "version": "6.2.0"
    }
  }
}