{
  "stats": {
    "suites": 1,
    "tests": 1,
    "passes": 0,
    "pending": 0,
    "failures": 1,
    "start": "2024-10-07T18:19:23.995Z",
    "end": "2024-10-07T18:19:24.770Z",
    "duration": 775,
    "testsRegistered": 1,
    "passPercent": 0,
    "pendingPercent": 0,
    "other": 0,
    "hasOther": false,
    "skipped": 0,
    "hasSkipped": false
  },
  "results": [
    {
      "uuid": "f8af8d9b-761b-4be5-b0bf-0157fb389ae6",
      "title": "",
      "fullFile": "cypress\\e2e\\productListTest.cy.js",
      "file": "cypress\\e2e\\productListTest.cy.js",
      "beforeHooks": [],
      "afterHooks": [],
      "tests": [],
      "suites": [
        {
          "uuid": "fccd480b-8623-49fa-8a4a-1983b1f41d5d",
          "title": "Product List",
          "fullFile": "",
          "file": "",
          "beforeHooks": [],
          "afterHooks": [],
          "tests": [
            {
              "title": "Validate product detail link",
              "fullTitle": "Product List Validate product detail link",
              "timedOut": null,
              "duration": 694,
              "state": "failed",
              "speed": null,
              "pass": false,
              "fail": true,
              "pending": false,
              "context": null,
              "code": "_pages.productsPage.productList.each(product => {\n  let productDetailsLink = product.attr(\"href\");\n  let productTitle = product.attr(\"title\");\n  cy.visit(productDetailsLink).then(() => {\n    _pages.productDetailsPage.breadcrumbProduct.should(\"include.text\", productTitle);\n    _pages.productDetailsPage.productTitle.invoke(\"text\").then(text => {\n      expect(text).to.be.equal(productTitle);\n    });\n    _pages.productDetailsPage.variations.find(\"[for]\").should(\"have.length\", 2).and(\"be.visible\");\n  });\n});",
              "err": {
                "message": "CypressError: `cy.visit()` failed trying to load:\n\nhttp://localhost/produtos/\n\nWe attempted to make an http request to this URL but the request failed without a response.\n\nWe received this error at the network level:\n\n  > Error: connect ECONNREFUSED 127.0.0.1:80\n\nCommon situations why this would fail:\n  - you don't have internet access\n  - you forgot to run / boot your web server\n  - your web server isn't accessible\n  - you have weird network configuration settings on your computer\n\nBecause this error occurred during a `before each` hook we are skipping the remaining tests in the current suite: `Product List`",
                "estack": "CypressError: `cy.visit()` failed trying to load:\n\nhttp://localhost/produtos/\n\nWe attempted to make an http request to this URL but the request failed without a response.\n\nWe received this error at the network level:\n\n  > Error: connect ECONNREFUSED 127.0.0.1:80\n\nCommon situations why this would fail:\n  - you don't have internet access\n  - you forgot to run / boot your web server\n  - your web server isn't accessible\n  - you have weird network configuration settings on your computer\n\nBecause this error occurred during a `before each` hook we are skipping the remaining tests in the current suite: `Product List`\n    at <unknown> (http://localhost:65084/__cypress/runner/cypress_runner.js:131650:74)\n    at visitFailedByErr (http://localhost:65084/__cypress/runner/cypress_runner.js:131049:12)\n    at <unknown> (http://localhost:65084/__cypress/runner/cypress_runner.js:131649:11)\n    at tryCatcher (http://localhost:65084/__cypress/runner/cypress_runner.js:1807:23)\n    at Promise._settlePromiseFromHandler (http://localhost:65084/__cypress/runner/cypress_runner.js:1519:31)\n    at Promise._settlePromise (http://localhost:65084/__cypress/runner/cypress_runner.js:1576:18)\n    at Promise._settlePromise0 (http://localhost:65084/__cypress/runner/cypress_runner.js:1621:10)\n    at Promise._settlePromises (http://localhost:65084/__cypress/runner/cypress_runner.js:1697:18)\n    at _drainQueueStep (http://localhost:65084/__cypress/runner/cypress_runner.js:2407:12)\n    at _drainQueue (http://localhost:65084/__cypress/runner/cypress_runner.js:2400:9)\n    at Async._drainQueues (http://localhost:65084/__cypress/runner/cypress_runner.js:2416:5)\n    at Async.drainQueues (http://localhost:65084/__cypress/runner/cypress_runner.js:2286:14)\nFrom Your Spec Code:\n    at Context.eval (webpack://sample-cy-intercept/./cypress/e2e/productListTest.cy.js:7:11)\n\nFrom Node.js Internals:\n  Error: connect ECONNREFUSED 127.0.0.1:80\n      at TCPConnectWrap.afterConnect [as oncomplete] (node:net:1495:16)",
                "diff": null
              },
              "uuid": "03e1aea2-341e-42da-9e16-2ddab49358e3",
              "parentUUID": "fccd480b-8623-49fa-8a4a-1983b1f41d5d",
              "isHook": false,
              "skipped": false
            }
          ],
          "suites": [],
          "passes": [],
          "failures": [
            "03e1aea2-341e-42da-9e16-2ddab49358e3"
          ],
          "pending": [],
          "skipped": [],
          "duration": 694,
          "root": false,
          "rootEmpty": false,
          "_timeout": 2000
        }
      ],
      "passes": [],
      "failures": [],
      "pending": [],
      "skipped": [],
      "duration": 0,
      "root": true,
      "rootEmpty": true,
      "_timeout": 2000
    }
  ],
  "meta": {
    "mocha": {
      "version": "7.0.1"
    },
    "mochawesome": {
      "options": {
        "quiet": false,
        "reportFilename": "mochawesome",
        "saveHtml": false,
        "saveJson": true,
        "consoleReporter": "spec",
        "useInlineDiffs": false,
        "code": true
      },
      "version": "7.1.3"
    },
    "marge": {
      "options": {
        "reportDir": "cypress/results",
        "overwrite": false,
        "html": false,
        "json": true
      },
      "version": "6.2.0"
    }
  }
}