{
  "stats": {
    "suites": 1,
    "tests": 1,
    "passes": 1,
    "pending": 0,
    "failures": 0,
    "start": "2023-12-11T21:15:32.865Z",
    "end": "2023-12-11T21:15:47.207Z",
    "duration": 14342,
    "testsRegistered": 1,
    "passPercent": 100,
    "pendingPercent": 0,
    "other": 0,
    "hasOther": false,
    "skipped": 0,
    "hasSkipped": false
  },
  "results": [
    {
      "uuid": "77c115ae-0757-4529-873a-e48db65573d2",
      "title": "",
      "fullFile": "cypress\\e2e\\productListTest.cy.js",
      "file": "cypress\\e2e\\productListTest.cy.js",
      "beforeHooks": [],
      "afterHooks": [],
      "tests": [],
      "suites": [
        {
          "uuid": "ab599f28-e50c-4da2-9b06-779f0a70b238",
          "title": "Product List",
          "fullFile": "",
          "file": "",
          "beforeHooks": [],
          "afterHooks": [],
          "tests": [
            {
              "title": "Validate product detail link",
              "fullTitle": "Product List Validate product detail link",
              "timedOut": null,
              "duration": 11885,
              "state": "passed",
              "speed": "slow",
              "pass": true,
              "fail": false,
              "pending": false,
              "context": null,
              "code": "_pages.productsPage.productList.each(product => {\n  let productDetailsLink = product.attr(\"href\");\n  let productTitle = product.attr(\"title\");\n  cy.visit(productDetailsLink).then(() => {\n    _pages.productDetailsPage.breadcrumbProduct.should(\"include.text\", productTitle);\n    _pages.productDetailsPage.productTitle.invoke(\"text\").then(text => {\n      expect(text).to.be.equal(productTitle);\n    });\n    _pages.productDetailsPage.variations.find(\"[for]\").should(\"have.length\", 2).and(\"be.visible\");\n  });\n});",
              "err": {},
              "uuid": "a74e914c-eaaf-4c26-b94f-f05a040b1a4e",
              "parentUUID": "ab599f28-e50c-4da2-9b06-779f0a70b238",
              "isHook": false,
              "skipped": false
            }
          ],
          "suites": [],
          "passes": [
            "a74e914c-eaaf-4c26-b94f-f05a040b1a4e"
          ],
          "failures": [],
          "pending": [],
          "skipped": [],
          "duration": 11885,
          "root": false,
          "rootEmpty": false,
          "_timeout": 2000
        }
      ],
      "passes": [],
      "failures": [],
      "pending": [],
      "skipped": [],
      "duration": 0,
      "root": true,
      "rootEmpty": true,
      "_timeout": 2000
    }
  ],
  "meta": {
    "mocha": {
      "version": "7.0.1"
    },
    "mochawesome": {
      "options": {
        "quiet": false,
        "reportFilename": "mochawesome",
        "saveHtml": false,
        "saveJson": true,
        "consoleReporter": "spec",
        "useInlineDiffs": false,
        "code": true
      },
      "version": "7.1.3"
    },
    "marge": {
      "options": {
        "reportDir": "cypress/results",
        "overwrite": false,
        "html": false,
        "json": true
      },
      "version": "6.2.0"
    }
  }
}