{
  "stats": {
    "suites": 1,
    "tests": 1,
    "passes": 0,
    "pending": 0,
    "failures": 1,
    "start": "2024-10-07T18:19:16.645Z",
    "end": "2024-10-07T18:19:17.624Z",
    "duration": 979,
    "testsRegistered": 2,
    "passPercent": 0,
    "pendingPercent": 0,
    "other": 0,
    "hasOther": false,
    "skipped": 1,
    "hasSkipped": true
  },
  "results": [
    {
      "uuid": "fdb102b8-770c-4b33-a678-2eba7ebbeb96",
      "title": "",
      "fullFile": "cypress\\e2e\\envTest.cy.js",
      "file": "cypress\\e2e\\envTest.cy.js",
      "beforeHooks": [],
      "afterHooks": [],
      "tests": [],
      "suites": [
        {
          "uuid": "7e0a0919-0ccd-4eb6-8f2d-984c58736b70",
          "title": "Environment Variables",
          "fullFile": "",
          "file": "",
          "beforeHooks": [],
          "afterHooks": [],
          "tests": [
            {
              "title": "cypress.json or cypress.env.json",
              "fullTitle": "Environment Variables cypress.json or cypress.env.json",
              "timedOut": null,
              "duration": 811,
              "state": "failed",
              "speed": null,
              "pass": false,
              "fail": true,
              "pending": false,
              "context": null,
              "code": "cy.url().should(\"include\", Cypress.env(\"HOST\").trim());",
              "err": {
                "message": "CypressError: `cy.visit()` failed trying to load:\n\nhttp://localhost/\n\nWe attempted to make an http request to this URL but the request failed without a response.\n\nWe received this error at the network level:\n\n  > Error: connect ECONNREFUSED 127.0.0.1:80\n\nCommon situations why this would fail:\n  - you don't have internet access\n  - you forgot to run / boot your web server\n  - your web server isn't accessible\n  - you have weird network configuration settings on your computer\n\nBecause this error occurred during a `before each` hook we are skipping the remaining tests in the current suite: `Environment Variables`",
                "estack": "CypressError: `cy.visit()` failed trying to load:\n\nhttp://localhost/\n\nWe attempted to make an http request to this URL but the request failed without a response.\n\nWe received this error at the network level:\n\n  > Error: connect ECONNREFUSED 127.0.0.1:80\n\nCommon situations why this would fail:\n  - you don't have internet access\n  - you forgot to run / boot your web server\n  - your web server isn't accessible\n  - you have weird network configuration settings on your computer\n\nBecause this error occurred during a `before each` hook we are skipping the remaining tests in the current suite: `Environment Variables`\n    at <unknown> (http://localhost:65084/__cypress/runner/cypress_runner.js:131650:74)\n    at visitFailedByErr (http://localhost:65084/__cypress/runner/cypress_runner.js:131049:12)\n    at <unknown> (http://localhost:65084/__cypress/runner/cypress_runner.js:131649:11)\n    at tryCatcher (http://localhost:65084/__cypress/runner/cypress_runner.js:1807:23)\n    at Promise._settlePromiseFromHandler (http://localhost:65084/__cypress/runner/cypress_runner.js:1519:31)\n    at Promise._settlePromise (http://localhost:65084/__cypress/runner/cypress_runner.js:1576:18)\n    at Promise._settlePromise0 (http://localhost:65084/__cypress/runner/cypress_runner.js:1621:10)\n    at Promise._settlePromises (http://localhost:65084/__cypress/runner/cypress_runner.js:1697:18)\n    at _drainQueueStep (http://localhost:65084/__cypress/runner/cypress_runner.js:2407:12)\n    at _drainQueue (http://localhost:65084/__cypress/runner/cypress_runner.js:2400:9)\n    at Async._drainQueues (http://localhost:65084/__cypress/runner/cypress_runner.js:2416:5)\n    at Async.drainQueues (http://localhost:65084/__cypress/runner/cypress_runner.js:2286:14)\nFrom Your Spec Code:\n    at Context.eval (webpack://sample-cy-intercept/./cypress/e2e/envTest.cy.js:14:11)\n\nFrom Node.js Internals:\n  Error: connect ECONNREFUSED 127.0.0.1:80\n      at TCPConnectWrap.afterConnect [as oncomplete] (node:net:1495:16)",
                "diff": null
              },
              "uuid": "c7843a90-6d6b-48fa-808f-0107483374d1",
              "parentUUID": "7e0a0919-0ccd-4eb6-8f2d-984c58736b70",
              "isHook": false,
              "skipped": false
            },
            {
              "title": "Config Test Env",
              "fullTitle": "Environment Variables Config Test Env",
              "timedOut": null,
              "duration": 0,
              "state": "skipped",
              "speed": null,
              "pass": false,
              "fail": false,
              "pending": false,
              "context": null,
              "code": "cy.log(Cypress.env(\"myEnv\"));",
              "err": {},
              "uuid": "e1ecd646-a185-4592-98e6-c4bf93b1104f",
              "parentUUID": "7e0a0919-0ccd-4eb6-8f2d-984c58736b70",
              "isHook": false,
              "skipped": true
            }
          ],
          "suites": [],
          "passes": [],
          "failures": [
            "c7843a90-6d6b-48fa-808f-0107483374d1"
          ],
          "pending": [],
          "skipped": [
            "e1ecd646-a185-4592-98e6-c4bf93b1104f"
          ],
          "duration": 811,
          "root": false,
          "rootEmpty": false,
          "_timeout": 2000
        }
      ],
      "passes": [],
      "failures": [],
      "pending": [],
      "skipped": [],
      "duration": 0,
      "root": true,
      "rootEmpty": true,
      "_timeout": 2000
    }
  ],
  "meta": {
    "mocha": {
      "version": "7.0.1"
    },
    "mochawesome": {
      "options": {
        "quiet": false,
        "reportFilename": "mochawesome",
        "saveHtml": false,
        "saveJson": true,
        "consoleReporter": "spec",
        "useInlineDiffs": false,
        "code": true
      },
      "version": "7.1.3"
    },
    "marge": {
      "options": {
        "reportDir": "cypress/results",
        "overwrite": false,
        "html": false,
        "json": true
      },
      "version": "6.2.0"
    }
  }
}