{
  "stats": {
    "suites": 1,
    "tests": 5,
    "passes": 5,
    "pending": 0,
    "failures": 0,
    "start": "2023-12-12T17:39:53.426Z",
    "end": "2023-12-12T17:40:10.134Z",
    "duration": 16708,
    "testsRegistered": 5,
    "passPercent": 100,
    "pendingPercent": 0,
    "other": 0,
    "hasOther": false,
    "skipped": 0,
    "hasSkipped": false
  },
  "results": [
    {
      "uuid": "d17f1172-e045-4fbc-87d9-a2c91164e332",
      "title": "",
      "fullFile": "cypress\\e2e\\searchListTest.cy.js",
      "file": "cypress\\e2e\\searchListTest.cy.js",
      "beforeHooks": [],
      "afterHooks": [],
      "tests": [],
      "suites": [
        {
          "uuid": "854acd4b-4785-4434-b74b-01af5a95df73",
          "title": "Product Search",
          "fullFile": "",
          "file": "",
          "beforeHooks": [],
          "afterHooks": [],
          "tests": [
            {
              "title": "Product Ingrid Running Jacketshould be return correctly",
              "fullTitle": "Product Search Product Ingrid Running Jacketshould be return correctly",
              "timedOut": null,
              "duration": 3823,
              "state": "passed",
              "speed": "fast",
              "pass": true,
              "fail": false,
              "pending": false,
              "context": null,
              "code": "_pages.homePage.searchMagnifier();\n_pages.productSearchPage.search(item.label);\n_pages.productSearchPage.productList.first().should(\"have.attr\", \"title\", item.label);\n_pages.productSearchPage.productList.each(el => {\n  expect(el.attr(\"title\")).eq(item.label);\n});",
              "err": {},
              "uuid": "4541a2d1-f711-4c81-9af7-3a95d24b7a2e",
              "parentUUID": "854acd4b-4785-4434-b74b-01af5a95df73",
              "isHook": false,
              "skipped": false
            },
            {
              "title": "Product Augusta Pullover Jacketshould be return correctly",
              "fullTitle": "Product Search Product Augusta Pullover Jacketshould be return correctly",
              "timedOut": null,
              "duration": 2264,
              "state": "passed",
              "speed": "fast",
              "pass": true,
              "fail": false,
              "pending": false,
              "context": null,
              "code": "_pages.homePage.searchMagnifier();\n_pages.productSearchPage.search(item.label);\n_pages.productSearchPage.productList.first().should(\"have.attr\", \"title\", item.label);\n_pages.productSearchPage.productList.each(el => {\n  expect(el.attr(\"title\")).eq(item.label);\n});",
              "err": {},
              "uuid": "7db2f136-4988-4122-ae96-197b7c011616",
              "parentUUID": "854acd4b-4785-4434-b74b-01af5a95df73",
              "isHook": false,
              "skipped": false
            },
            {
              "title": "Product Josie Yoga Jacketshould be return correctly",
              "fullTitle": "Product Search Product Josie Yoga Jacketshould be return correctly",
              "timedOut": null,
              "duration": 2615,
              "state": "passed",
              "speed": "fast",
              "pass": true,
              "fail": false,
              "pending": false,
              "context": null,
              "code": "_pages.homePage.searchMagnifier();\n_pages.productSearchPage.search(item.label);\n_pages.productSearchPage.productList.first().should(\"have.attr\", \"title\", item.label);\n_pages.productSearchPage.productList.each(el => {\n  expect(el.attr(\"title\")).eq(item.label);\n});",
              "err": {},
              "uuid": "9b488d53-e998-472f-bcd5-5ec2ed48ed5f",
              "parentUUID": "854acd4b-4785-4434-b74b-01af5a95df73",
              "isHook": false,
              "skipped": false
            },
            {
              "title": "Product Stellar Solar Jacketshould be return correctly",
              "fullTitle": "Product Search Product Stellar Solar Jacketshould be return correctly",
              "timedOut": null,
              "duration": 1887,
              "state": "passed",
              "speed": "fast",
              "pass": true,
              "fail": false,
              "pending": false,
              "context": null,
              "code": "_pages.homePage.searchMagnifier();\n_pages.productSearchPage.search(item.label);\n_pages.productSearchPage.productList.first().should(\"have.attr\", \"title\", item.label);\n_pages.productSearchPage.productList.each(el => {\n  expect(el.attr(\"title\")).eq(item.label);\n});",
              "err": {},
              "uuid": "c6e10155-d411-439e-b4ce-22161f59038e",
              "parentUUID": "854acd4b-4785-4434-b74b-01af5a95df73",
              "isHook": false,
              "skipped": false
            },
            {
              "title": "Product Typhon Performance Fleece-lined Jacketshould be return correctly",
              "fullTitle": "Product Search Product Typhon Performance Fleece-lined Jacketshould be return correctly",
              "timedOut": null,
              "duration": 2979,
              "state": "passed",
              "speed": "fast",
              "pass": true,
              "fail": false,
              "pending": false,
              "context": null,
              "code": "_pages.homePage.searchMagnifier();\n_pages.productSearchPage.search(item.label);\n_pages.productSearchPage.productList.first().should(\"have.attr\", \"title\", item.label);\n_pages.productSearchPage.productList.each(el => {\n  expect(el.attr(\"title\")).eq(item.label);\n});",
              "err": {},
              "uuid": "b2cfdd7d-a153-4800-b24e-4eda0a7d3981",
              "parentUUID": "854acd4b-4785-4434-b74b-01af5a95df73",
              "isHook": false,
              "skipped": false
            }
          ],
          "suites": [],
          "passes": [
            "4541a2d1-f711-4c81-9af7-3a95d24b7a2e",
            "7db2f136-4988-4122-ae96-197b7c011616",
            "9b488d53-e998-472f-bcd5-5ec2ed48ed5f",
            "c6e10155-d411-439e-b4ce-22161f59038e",
            "b2cfdd7d-a153-4800-b24e-4eda0a7d3981"
          ],
          "failures": [],
          "pending": [],
          "skipped": [],
          "duration": 13568,
          "root": false,
          "rootEmpty": false,
          "_timeout": 2000
        }
      ],
      "passes": [],
      "failures": [],
      "pending": [],
      "skipped": [],
      "duration": 0,
      "root": true,
      "rootEmpty": true,
      "_timeout": 2000
    }
  ],
  "meta": {
    "mocha": {
      "version": "7.0.1"
    },
    "mochawesome": {
      "options": {
        "quiet": false,
        "reportFilename": "mochawesome",
        "saveHtml": false,
        "saveJson": true,
        "consoleReporter": "spec",
        "useInlineDiffs": false,
        "code": true
      },
      "version": "7.1.3"
    },
    "marge": {
      "options": {
        "reportDir": "cypress/results",
        "overwrite": false,
        "html": false,
        "json": true
      },
      "version": "6.2.0"
    }
  }
}