{
  "stats": {
    "suites": 1,
    "tests": 5,
    "passes": 5,
    "pending": 0,
    "failures": 0,
    "start": "2023-12-11T22:35:09.328Z",
    "end": "2023-12-11T22:35:23.089Z",
    "duration": 13761,
    "testsRegistered": 5,
    "passPercent": 100,
    "pendingPercent": 0,
    "other": 0,
    "hasOther": false,
    "skipped": 0,
    "hasSkipped": false
  },
  "results": [
    {
      "uuid": "7cfb4234-23df-4b07-9b4c-aa7bea1a12b6",
      "title": "",
      "fullFile": "cypress\\e2e\\searchListTest.cy.js",
      "file": "cypress\\e2e\\searchListTest.cy.js",
      "beforeHooks": [],
      "afterHooks": [],
      "tests": [],
      "suites": [
        {
          "uuid": "a1502d42-3b2c-4291-acdc-2c4e89937561",
          "title": "Product Search",
          "fullFile": "",
          "file": "",
          "beforeHooks": [],
          "afterHooks": [],
          "tests": [
            {
              "title": "Product Ingrid Running Jacketshould be return correctly",
              "fullTitle": "Product Search Product Ingrid Running Jacketshould be return correctly",
              "timedOut": null,
              "duration": 3124,
              "state": "passed",
              "speed": "fast",
              "pass": true,
              "fail": false,
              "pending": false,
              "context": null,
              "code": "_pages.homePage.searchMagnifier();\n_pages.productSearchPage.search(item.label);\n_pages.productSearchPage.productList.first().should(\"have.attr\", \"title\", item.label);\n_pages.productSearchPage.productList.each(el => {\n  expect(el.attr(\"title\")).eq(item.label);\n});",
              "err": {},
              "uuid": "8bd3b9d4-f0a2-4089-aa23-acff3fe7f7e9",
              "parentUUID": "a1502d42-3b2c-4291-acdc-2c4e89937561",
              "isHook": false,
              "skipped": false
            },
            {
              "title": "Product Augusta Pullover Jacketshould be return correctly",
              "fullTitle": "Product Search Product Augusta Pullover Jacketshould be return correctly",
              "timedOut": null,
              "duration": 2204,
              "state": "passed",
              "speed": "fast",
              "pass": true,
              "fail": false,
              "pending": false,
              "context": null,
              "code": "_pages.homePage.searchMagnifier();\n_pages.productSearchPage.search(item.label);\n_pages.productSearchPage.productList.first().should(\"have.attr\", \"title\", item.label);\n_pages.productSearchPage.productList.each(el => {\n  expect(el.attr(\"title\")).eq(item.label);\n});",
              "err": {},
              "uuid": "13a5ae21-b9a9-437a-842f-5e75abea8b58",
              "parentUUID": "a1502d42-3b2c-4291-acdc-2c4e89937561",
              "isHook": false,
              "skipped": false
            },
            {
              "title": "Product Josie Yoga Jacketshould be return correctly",
              "fullTitle": "Product Search Product Josie Yoga Jacketshould be return correctly",
              "timedOut": null,
              "duration": 1992,
              "state": "passed",
              "speed": "fast",
              "pass": true,
              "fail": false,
              "pending": false,
              "context": null,
              "code": "_pages.homePage.searchMagnifier();\n_pages.productSearchPage.search(item.label);\n_pages.productSearchPage.productList.first().should(\"have.attr\", \"title\", item.label);\n_pages.productSearchPage.productList.each(el => {\n  expect(el.attr(\"title\")).eq(item.label);\n});",
              "err": {},
              "uuid": "a9f1eaa0-93b7-4272-9d7a-ee2438fdf603",
              "parentUUID": "a1502d42-3b2c-4291-acdc-2c4e89937561",
              "isHook": false,
              "skipped": false
            },
            {
              "title": "Product Stellar Solar Jacketshould be return correctly",
              "fullTitle": "Product Search Product Stellar Solar Jacketshould be return correctly",
              "timedOut": null,
              "duration": 1759,
              "state": "passed",
              "speed": "fast",
              "pass": true,
              "fail": false,
              "pending": false,
              "context": null,
              "code": "_pages.homePage.searchMagnifier();\n_pages.productSearchPage.search(item.label);\n_pages.productSearchPage.productList.first().should(\"have.attr\", \"title\", item.label);\n_pages.productSearchPage.productList.each(el => {\n  expect(el.attr(\"title\")).eq(item.label);\n});",
              "err": {},
              "uuid": "7922dc6c-3d4d-4ef6-854e-3486b79f5980",
              "parentUUID": "a1502d42-3b2c-4291-acdc-2c4e89937561",
              "isHook": false,
              "skipped": false
            },
            {
              "title": "Product Typhon Performance Fleece-lined Jacketshould be return correctly",
              "fullTitle": "Product Search Product Typhon Performance Fleece-lined Jacketshould be return correctly",
              "timedOut": null,
              "duration": 1894,
              "state": "passed",
              "speed": "fast",
              "pass": true,
              "fail": false,
              "pending": false,
              "context": null,
              "code": "_pages.homePage.searchMagnifier();\n_pages.productSearchPage.search(item.label);\n_pages.productSearchPage.productList.first().should(\"have.attr\", \"title\", item.label);\n_pages.productSearchPage.productList.each(el => {\n  expect(el.attr(\"title\")).eq(item.label);\n});",
              "err": {},
              "uuid": "00787a4b-57d7-44e5-ae4a-105f13dff819",
              "parentUUID": "a1502d42-3b2c-4291-acdc-2c4e89937561",
              "isHook": false,
              "skipped": false
            }
          ],
          "suites": [],
          "passes": [
            "8bd3b9d4-f0a2-4089-aa23-acff3fe7f7e9",
            "13a5ae21-b9a9-437a-842f-5e75abea8b58",
            "a9f1eaa0-93b7-4272-9d7a-ee2438fdf603",
            "7922dc6c-3d4d-4ef6-854e-3486b79f5980",
            "00787a4b-57d7-44e5-ae4a-105f13dff819"
          ],
          "failures": [],
          "pending": [],
          "skipped": [],
          "duration": 10973,
          "root": false,
          "rootEmpty": false,
          "_timeout": 2000
        }
      ],
      "passes": [],
      "failures": [],
      "pending": [],
      "skipped": [],
      "duration": 0,
      "root": true,
      "rootEmpty": true,
      "_timeout": 2000
    }
  ],
  "meta": {
    "mocha": {
      "version": "7.0.1"
    },
    "mochawesome": {
      "options": {
        "quiet": false,
        "reportFilename": "mochawesome",
        "saveHtml": false,
        "saveJson": true,
        "consoleReporter": "spec",
        "useInlineDiffs": false,
        "code": true
      },
      "version": "7.1.3"
    },
    "marge": {
      "options": {
        "reportDir": "cypress/results",
        "overwrite": false,
        "html": false,
        "json": true
      },
      "version": "6.2.0"
    }
  }
}